<?xml version="1.0" encoding="UTF-8"?>
<!-- Generated by org.testng.reporters.JUnitReportReporter -->
<testsuite hostname="MUM-LAP-1462" failures="0" tests="3" name="PakagesTestng.Annotations" time="0.010" errors="0" timestamp="2023-03-03T18:20:54 IST" skipped="0">
  <testcase classname="PakagesTestng.Annotations" name="Beforemethod" time="0.001"/>
  <system-out/>
  <testcase classname="PakagesTestng.Annotations" name="Aftermethod" time="0.007"/>
  <system-out/>
  <testcase classname="PakagesTestng.Annotations" name="Method2" time="0.002"/>
  <system-out/>
</testsuite> <!-- PakagesTestng.Annotations -->
