<?xml version="1.0" encoding="UTF-8"?>
<!-- Generated by org.testng.reporters.JUnitReportReporter -->
<testsuite hostname="MUM-LAP-1462" failures="0" tests="2" name="Secondpak.PakageSecond" time="0.011" errors="0" timestamp="2023-03-06T15:43:18 IST" skipped="0">
  <testcase classname="Secondpak.PakageSecond" name="pakagesecond" time="0.009"/>
  <system-out/>
  <testcase classname="Secondpak.PakageSecond" name="pakagetwo" time="0.002"/>
  <system-out/>
</testsuite> <!-- Secondpak.PakageSecond -->
