<?xml version="1.0" encoding="UTF-8"?>
<!-- Generated by org.testng.reporters.JUnitReportReporter -->
<testsuite hostname="MUM-LAP-1462" failures="0" tests="3" name="Groups.GroupTest" time="0.005" errors="0" timestamp="2023-03-06T15:52:26 IST" skipped="0">
  <testcase classname="Groups.GroupTest" name="grp3" time="0.001"/>
  <system-out/>
  <testcase classname="Groups.GroupTest" name="grp2" time="0.002"/>
  <system-out/>
  <testcase classname="Groups.GroupTest" name="grp1" time="0.002"/>
  <system-out/>
</testsuite> <!-- Groups.GroupTest -->
