<?xml version="1.0" encoding="UTF-8"?>
<!-- Generated by org.testng.reporters.JUnitReportReporter -->
<testsuite hostname="MUM-LAP-1462" failures="0" tests="3" name="PakagesTestng.IgnoreTest" time="0.012" errors="0" timestamp="2023-03-05T13:37:59 IST" skipped="1">
  <testcase classname="PakagesTestng.IgnoreTest" name="ig3" time="0.001"/>
  <system-out/>
  <testcase classname="PakagesTestng.IgnoreTest" name="ig2" time="0.011"/>
  <system-out/>
  <testcase classname="PakagesTestng.IgnoreTest" name="ig1">
    <skipped/>
  </testcase> <!-- ig1 -->
  <system-out/>
</testsuite> <!-- PakagesTestng.IgnoreTest -->
