<?xml version="1.0" encoding="UTF-8"?>
<!-- Generated by org.testng.reporters.JUnitReportReporter -->
<testsuite hostname="MUM-LAP-1462" failures="0" tests="1" name="Groups.TestParam" time="0.010" errors="0" timestamp="2023-03-06T18:49:58 IST" skipped="0">
  <testcase classname="Groups.TestParam" name="Met1" time="0.010"/>
  <system-out/>
</testsuite> <!-- Groups.TestParam -->
