<?xml version="1.0" encoding="UTF-8"?>
<!-- Generated by org.testng.reporters.JUnitReportReporter -->
<testsuite hostname="MUM-LAP-1462" failures="0" tests="1" name="PakagesTestng.Secondtest" time="0.001" errors="0" timestamp="2023-03-03T17:19:29 IST" skipped="0">
  <testcase classname="PakagesTestng.Secondtest" name="methodsecond" time="0.001"/>
  <system-out/>
</testsuite> <!-- PakagesTestng.Secondtest -->
