<?xml version="1.0" encoding="UTF-8"?>
<!-- Generated by org.testng.reporters.JUnitReportReporter -->
<testsuite hostname="MUM-LAP-1462" failures="0" tests="3" name="Groups.Metagroups" time="0.004" errors="0" timestamp="2023-03-06T15:52:26 IST" skipped="0">
  <testcase classname="Groups.Metagroups" name="metagrp3" time="0.001"/>
  <system-out/>
  <testcase classname="Groups.Metagroups" name="metagrp2" time="0.002"/>
  <system-out/>
  <testcase classname="Groups.Metagroups" name="metagrp1" time="0.001"/>
  <system-out/>
</testsuite> <!-- Groups.Metagroups -->
